[www.beautystatcosmetics.com/en/pre-6.html]
[backblue.gif]
[fade.gif]
[index.html]
[d16hdrba6dusey.cloudfront.net/sitecommon/js/components/vwo_beautystat.js]
[www.beautystatcosmetics.com/en/assets/css/site.mind03a.css]
[www.beautystatcosmetics.com/en/assets/css/pages/pre-6.mind03a.css]
[www.beautystatcosmetics.com/pub-assets/fileuploads/images/pre-6/logo.png]
[www.beautystatcosmetics.com/en/order.html]
[d16hdrba6dusey.cloudfront.net/sitecommon/js/components/blueshift_dotcmsa4f0.js]
[connect.facebook.net/en_US/fbevents.js]
[www.beautystatcosmetics.com/en/order-a.html]
[bat.bing.com/bat.js]
[d16hdrba6dusey.cloudfront.net/sitecommon/js/commons/ctrwow_analytics.v3.pro.min.js]
[ctrwowprodcdn.blob.core.windows.net/library/ctrwow_analytics.min.js]
[static.klaviyo.com/onsite/js/klaviyodd3b.js]
[www.beautystatcosmetics.com/en/assets/js/lib.mind03a.js]
[www.beautystatcosmetics.com/en/assets/js/site.mind03a.js]
[www.beautystatcosmetics.com/en/pre-6.html]
[www.beautystatcosmetics.com/en/assets/css/site.mind03a.css]
[fast.wistia.com/assets/external/E-v1.js]
[www.beautystatcosmetics.com/en/assets/js/pages/pre-6.mind03a.js]
[www.beautystatcosmetics.com/pub-assets/fileuploads/images/pre-6/orangebulletin.png]
[www.beautystatcosmetics.com/pub-assets/fileuploads/images/pre-6/bg-1.png]
[www.beautystatcosmetics.com/pub-assets/fileuploads/images/pre-6/grapefruit_row.png]
[www.beautystatcosmetics.com/pub-assets/fileuploads/images/pre-6/grapefruit.png]
[www.beautystatcosmetics.com/pub-assets/fileuploads/images/pre-6/check.png]
[www.beautystatcosmetics.com/pub-assets/fileuploads/images/pre-6/bg_texture.png]
[www.beautystatcosmetics.com/en/assets/css/pages/pre-6.mind03a.css]
[d16hdrba6dusey.cloudfront.net/sitecommon/images/loading-circle1.gif]
[www.beautystatcosmetics.com/en/assets/css/pages/order.mind03a.css]
[d16hdrba6dusey.cloudfront.net/sitecommon/images/verified_wht.png]
[www.beautystatcosmetics.com/en/index.html]
[www.beautystatcosmetics.com/pub-assets/fileuploads/images/logo.png]
[d16hdrba6dusey.cloudfront.net/sitecommon/images/card.png]
[d16hdrba6dusey.cloudfront.net/sitecommon/images/gsc_en.png]
[www.beautystatcosmetics.com/en/terms.html]
[www.beautystatcosmetics.com/en/policy.html]
[www.beautystatcosmetics.com/en/contact-us.html]
[www.beautystatcosmetics.com/en/affiliate.html]
[www.beautystatcosmetics.com/en/order.html]
[www.beautystatcosmetics.com/en/assets/js/pages/order.mind03a.js]
[www.beautystatcosmetics.com/en/assets/css/pages/order-a-autogen2sx9n9ljc.mind03a.css]
[www.beautystatcosmetics.com/pub-assets/fileuploads/images/order-list/main_image_02_v1.jpg]
[www.beautystatcosmetics.com/pub-assets/fileuploads/images/order-list/img03@x2.jpg]
[www.beautystatcosmetics.com/pub-assets/fileuploads/images/order-list/img04.jpg]
[www.beautystatcosmetics.com/pub-assets/fileuploads/images/order-list/main_image_05_v1.jpg]
[www.beautystatcosmetics.com/pub-assets/fileuploads/images/order-list/main_image_06_v1.jpg]
[www.beautystatcosmetics.com/pub-assets/fileuploads/images/order-list/main_image_07_v1.jpg]
[www.beautystatcosmetics.com/pub-assets/fileuploads/images/order-list/img08.jpg]
[www.beautystatcosmetics.com/pub-assets/fileuploads/images/order-list/img09.jpg]
[www.beautystatcosmetics.com/pub-assets/fileuploads/images/order-list/main_image_01_2.jpg]
[www.beautystatcosmetics.com/pub-assets/fileuploads/images/order-list/img_doctor.png]
[www.beautystatcosmetics.com/pub-assets/fileuploads/images/order-list/list-logo.png]
[www.beautystatcosmetics.com/pub-assets/fileuploads/images/order-list/five_stars.png]
[www.beautystatcosmetics.com/pub-assets/fileuploads/images/order-list/logo_new.jpg]
[d16hdrba6dusey.cloudfront.net/sitecommon/images/loading-price-v1.gif]
[www.beautystatcosmetics.com/pub-assets/fileuploads/images/order-list/unit_2.png]
[www.beautystatcosmetics.com/pub-assets/fileuploads/images/order-list/free_shipping.png]
[www.beautystatcosmetics.com/pub-assets/fileuploads/images/order-list/unit_3.png]
[d16hdrba6dusey.cloudfront.net/sitecommon/images/newcheckout/credit_card.png]
[www.beautystatcosmetics.com/pub-assets/fileuploads/images/order-list/product_upsell_mini.png]
[www.beautystatcosmetics.com/en/order-a.html]
[www.beautystatcosmetics.com/en/assets/js/pages/order-a-autogenfmbbtx7fm.mind03a.js]
[connect.facebook.net/en_US/fbevents.js]
[d16hdrba6dusey.cloudfront.net/sitecommon/js/commons/ctrwow_analytics.v3.pro.min.js]
[www.googletagmanager.com/gtm5445.html]
[d16hdrba6dusey.cloudfront.net/sitecommon/images/secure/secure-icon.png]
[d16hdrba6dusey.cloudfront.net/sitecommon/images/installment_icon.png]
[www.beautystatcosmetics.com/en/assets/css/pages/order.mind03a.css]
[www.beautystatcosmetics.com/en/assets/css/pages/index.mind03a.css]
[www.beautystatcosmetics.com/pub-assets/fileuploads/images/index/section6_img1.png]
[www.beautystatcosmetics.com/pub-assets/fileuploads/images/index/section6_img2.png]
[www.beautystatcosmetics.com/pub-assets/fileuploads/images/index/section6_img3.png]
[www.beautystatcosmetics.com/pub-assets/fileuploads/images/index/section6_img4.png]
[www.beautystatcosmetics.com/pub-assets/fileuploads/images/index/section7_img_before1.jpg]
[www.beautystatcosmetics.com/pub-assets/fileuploads/images/index/section7_img_after1.jpg]
[www.beautystatcosmetics.com/pub-assets/fileuploads/images/index/section7_img_before2.jpg]
[www.beautystatcosmetics.com/pub-assets/fileuploads/images/index/section7_img_after2.jpg]
[www.beautystatcosmetics.com/pub-assets/fileuploads/images/index/section7_img_before3.jpg]
[www.beautystatcosmetics.com/pub-assets/fileuploads/images/index/section7_img_after3.jpg]
[www.beautystatcosmetics.com/pub-assets/fileuploads/images/index/img_testimonial1.png]
[www.beautystatcosmetics.com/pub-assets/fileuploads/images/index/star5.png]
[www.beautystatcosmetics.com/pub-assets/fileuploads/images/index/img_testimonial2.png]
[www.beautystatcosmetics.com/pub-assets/fileuploads/images/index/img_testimonial3.png]
[www.beautystatcosmetics.com/pub-assets/fileuploads/images/index/img_testimonial4.png]
[www.beautystatcosmetics.com/pub-assets/fileuploads/images/index/img_testimonial5.png]
[www.beautystatcosmetics.com/pub-assets/fileuploads/images/index/star4.png]
[www.beautystatcosmetics.com/pub-assets/fileuploads/images/index/img_testimonial6.jpg]
[www.beautystatcosmetics.com/pub-assets/fileuploads/images/index/img_testimonial7.jpg]
[www.beautystatcosmetics.com/pub-assets/fileuploads/images/index/img_testimonial8.jpg]
[www.beautystatcosmetics.com/pub-assets/fileuploads/images/index/img_testimonial9.png]
[www.beautystatcosmetics.com/pub-assets/fileuploads/images/index/img_testimonial10.png]
[www.beautystatcosmetics.com/pub-assets/fileuploads/images/index/img_testimonial11.png]
[www.beautystatcosmetics.com/pub-assets/fileuploads/images/index/img_testimonial12.png]
[www.beautystatcosmetics.com/pub-assets/fileuploads/images/index/img_testimonial13.jpg]
[www.beautystatcosmetics.com/en/index.html]
[www.beautystatcosmetics.com/en/assets/js/pages/index.mind03a.js]
[www.beautystatcosmetics.com/en/assets/css/pages/terms-autogenqlzebbg4u.mind03a.css]
[www.beautystatcosmetics.com/en/terms.html]
[www.beautystatcosmetics.com/en/assets/js/pages/terms-autogenepk6e8p6g.mind03a.js]
[www.beautystatcosmetics.com/en/assets/css/pages/policy.mind03a.css]
[www.beautystatcosmetics.com/en/policy.html]
[www.beautystatcosmetics.com/en/assets/js/pages/policy.mind03a.js]
[www.beautystatcosmetics.com/en/assets/css/pages/contact-us.mind03a.css]
[www.beautystatcosmetics.com/en/contact-us.html]
[www.beautystatcosmetics.com/en/assets/js/pages/contact-us.mind03a.js]
[www.beautystatcosmetics.com/en/assets/css/pages/affiliate.mind03a.css]
[www.beautystatcosmetics.com/en/affiliate.html]
[www.beautystatcosmetics.com/en/assets/css/pages/order-a-autogen2sx9n9ljc.mind03a.css]
[www.beautystatcosmetics.com/en/c.html]
[www.beautystatcosmetics.com/en/b.html]
[www.beautystatcosmetics.com/en/POST.html]
[www.beautystatcosmetics.com/en/edge/index.html]
[www.beautystatcosmetics.com/en/iemobile/index.html]
[www.beautystatcosmetics.com/en/firefox/index.html]
[www.beautystatcosmetics.com/en/opera/index.html]
[www.beautystatcosmetics.com/en/opr/index.html]
[www.beautystatcosmetics.com/en/chrome/index.html]
[www.beautystatcosmetics.com/en/safari/index.html]
[www.beautystatcosmetics.com/en/trident/index.html]
[www.beautystatcosmetics.com/en/test.html]
[www.beautystatcosmetics.com/en/path=/index.html]
[www.beautystatcosmetics.com/en/assets/css/pages/index.mind03a.css]
[www.beautystatcosmetics.com/en/assets/css/pages/terms-autogenqlzebbg4u.mind03a.css]
[www.beautystatcosmetics.com/en/assets/css/pages/policy.mind03a.css]
[www.beautystatcosmetics.com/en/assets/css/pages/contact-us.mind03a.css]
[www.beautystatcosmetics.com/en/assets/css/pages/affiliate.mind03a.css]
[www.beautystatcosmetics.com/en/assets/js/pages/affiliate.mind03a.js]
